<?xml version="1.0" encoding="UTF-8"?>
<!-- Generated by org.testng.reporters.JUnitReportReporter -->
<testsuite hostname="DESKTOP-HUKRRR5" failures="0" tests="1" name="com.automation.bussinessscript.FlipKart" time="7.533" errors="0" timestamp="2021-05-28T21:00:22 PDT" skipped="0">
  <testcase classname="com.automation.bussinessscript.FlipKart" name="login" time="7.533"/>
  <system-out/>
</testsuite> <!-- com.automation.bussinessscript.FlipKart -->
