<?xml version="1.0" encoding="UTF-8"?>
<!-- Generated by org.testng.reporters.JUnitReportReporter -->
<testsuite hostname="DESKTOP-HUKRRR5" failures="0" tests="2" name="com.automation.bussinessscript.FbTest" time="45.970" errors="0" timestamp="2021-06-01T11:00:42 PDT" skipped="0">
  <testcase classname="com.automation.bussinessscript.FbTest" name="second" time="18.653"/>
  <system-out/>
  <testcase classname="com.automation.bussinessscript.FbTest" name="fblogin" time="27.317"/>
  <system-out/>
</testsuite> <!-- com.automation.bussinessscript.FbTest -->
