<?xml version="1.0" encoding="UTF-8"?>
<!-- Generated by org.testng.reporters.JUnitReportReporter -->
<testsuite hostname="DESKTOP-HUKRRR5" failures="0" tests="1" name="com.automation.bussinessscript.FbTest" time="11.269" errors="0" timestamp="2021-05-27T06:46:50 PDT" skipped="0">
  <testcase classname="com.automation.bussinessscript.FbTest" name="fblogin" time="11.269"/>
  <system-out/>
</testsuite> <!-- com.automation.bussinessscript.FbTest -->
