<?xml version="1.0" encoding="UTF-8"?>
<!-- Generated by org.testng.reporters.JUnitReportReporter -->
<testsuite hostname="DESKTOP-HUKRRR5" failures="0" tests="1" name="com.automation.bussinessscript.GmailTest" time="11.205" errors="0" timestamp="2021-06-01T10:55:31 PDT" skipped="0">
  <testcase classname="com.automation.bussinessscript.GmailTest" name="gmailogin" time="11.205"/>
  <system-out/>
</testsuite> <!-- com.automation.bussinessscript.GmailTest -->
