<?xml version="1.0" encoding="UTF-8"?>
<!-- Generated by org.testng.reporters.JUnitReportReporter -->
<testsuite hostname="DESKTOP-HUKRRR5" failures="0" tests="1" name="com.automation.bussinessscript.FlipKart" time="9.681" errors="0" timestamp="27 May 2021 13:58:19 GMT">
  <testcase classname="com.automation.bussinessscript.FlipKart" name="login" time="9.681"/>
</testsuite> <!-- com.automation.bussinessscript.FlipKart -->
