<?xml version="1.0" encoding="UTF-8"?>
<!-- Generated by org.testng.reporters.JUnitReportReporter -->
<testsuite hostname="DESKTOP-HUKRRR5" name="com.automation.bussinessscript.FbTest" tests="2" failures="0" timestamp="5 Jun 2021 15:24:10 GMT" time="31.326" errors="0">
  <testcase name="fblogin" time="11.968" classname="com.automation.bussinessscript.FbTest"/>
  <testcase name="second" time="19.358" classname="com.automation.bussinessscript.FbTest"/>
</testsuite> <!-- com.automation.bussinessscript.FbTest -->
