<?xml version="1.0" encoding="UTF-8"?>
<!-- Generated by org.testng.reporters.JUnitReportReporter -->
<testsuite hostname="DESKTOP-HUKRRR5" failures="0" tests="1" name="com.automation.bussinessscript.GmailTest" time="8.991" errors="0" timestamp="27 May 2021 13:58:19 GMT">
  <testcase classname="com.automation.bussinessscript.GmailTest" name="gmailogin" time="8.991"/>
</testsuite> <!-- com.automation.bussinessscript.GmailTest -->
