<?xml version="1.0" encoding="UTF-8"?>
<!-- Generated by org.testng.reporters.JUnitReportReporter -->
<testsuite hostname="DESKTOP-HUKRRR5" name="com.automation.bussinessscript.FbTest" tests="2" failures="0" timestamp="5 Jun 2021 15:12:22 GMT" time="30.172" errors="0">
  <testcase name="fblogin" time="12.122" classname="com.automation.bussinessscript.FbTest"/>
  <testcase name="second" time="18.050" classname="com.automation.bussinessscript.FbTest"/>
</testsuite> <!-- com.automation.bussinessscript.FbTest -->
